Traceback (most recent call last):
  File "/usr/local/python/3.12.1/lib/python3.12/site-packages/jupyter_cache/executors/utils.py", line 58, in single_nb_execution
    executenb(
  File "/home/codespace/.local/lib/python3.12/site-packages/nbclient/client.py", line 1314, in execute
    return NotebookClient(nb=nb, resources=resources, km=km, **kwargs).execute()
           ^^^^^^^^^^^^^^^^^^^^^^^^^^^^^^^^^^^^^^^^^^^^^^^^^^^^^^^^^^^^^^^^^^^^^
  File "/home/codespace/.local/lib/python3.12/site-packages/jupyter_core/utils/__init__.py", line 165, in wrapped
    return loop.run_until_complete(inner)
           ^^^^^^^^^^^^^^^^^^^^^^^^^^^^^^
  File "/usr/local/python/3.12.1/lib/python3.12/asyncio/base_events.py", line 684, in run_until_complete
    return future.result()
           ^^^^^^^^^^^^^^^
  File "/home/codespace/.local/lib/python3.12/site-packages/nbclient/client.py", line 709, in async_execute
    await self.async_execute_cell(
  File "/home/codespace/.local/lib/python3.12/site-packages/nbclient/client.py", line 1062, in async_execute_cell
    await self._check_raise_for_error(cell, cell_index, exec_reply)
  File "/home/codespace/.local/lib/python3.12/site-packages/nbclient/client.py", line 918, in _check_raise_for_error
    raise CellExecutionError.from_cell_and_msg(cell, exec_reply_content)
nbclient.exceptions.CellExecutionError: An error occurred while executing the following cell:
------------------
# 3. Training Decision Tree ===
clf = DecisionTreeClassifier(criterion='gini', max_depth=5, random_state=42)
clf.fit(X_train, y_train)

# 4. Evaluasi Model
y_pred = clf.predict(X_test)
print("Akurasi:", accuracy_score(y_test, y_pred))
print("\n=== Classification Report ===")
print(classification_report(y_test, y_pred, target_names=target_names))

# 7. Visualisasi Struktur Pohon Keputusan

plt.figure(figsize=(40, 20))

# Pastikan class_names bertipe list of strings
class_names = ['Class1', 'Class2', 'Class3']

plot_tree(
    clf,
    feature_names=X.columns,
    class_names=class_names,
    filled=True,
    rounded=True,
    fontsize=10
)

plt.title("Pohon Keputusan Klasifikasi Jenis Wine")
plt.show()

------------------


[0;31m---------------------------------------------------------------------------[0m
[0;31mNameError[0m                                 Traceback (most recent call last)
Cell [0;32mIn[14], line 2[0m
[1;32m      1[0m [38;5;66;03m# 3. Training Decision Tree ===[39;00m
[0;32m----> 2[0m clf [38;5;241m=[39m [43mDecisionTreeClassifier[49m(criterion[38;5;241m=[39m[38;5;124m'[39m[38;5;124mgini[39m[38;5;124m'[39m, max_depth[38;5;241m=[39m[38;5;241m5[39m, random_state[38;5;241m=[39m[38;5;241m42[39m)
[1;32m      3[0m clf[38;5;241m.[39mfit(X_train, y_train)
[1;32m      5[0m [38;5;66;03m# 4. Evaluasi Model[39;00m

[0;31mNameError[0m: name 'DecisionTreeClassifier' is not defined

